[INFO ] 2023-01-03 13:50:46.932 [main] P1AdminLoginPage - Verifying open admin user login
[INFO ] 2023-01-03 13:50:58.043 [main] P1AdminLoginPage - Verifying admin user login
[INFO ] 2023-01-03 13:51:11.323 [main] P2AdminHomePage - Home page is displayed successfully
[INFO ] 2023-01-03 13:59:43.918 [main] P1AdminLoginPage - Verifying open admin user login
[INFO ] 2023-01-03 13:59:46.111 [main] P1AdminLoginPage - Verifying admin user login
[INFO ] 2023-01-03 13:59:47.121 [main] P2AdminHomePage - Home page is displayed successfully
[INFO ] 2023-01-03 13:59:56.229 [main] P1AdminLoginPage - Verifying open admin user login
[INFO ] 2023-01-03 14:00:01.352 [main] P1AdminLoginPage - Verifying admin user login
[INFO ] 2023-01-03 14:00:02.473 [main] P2AdminHomePage - Home page is displayed successfully
[INFO ] 2023-01-03 14:00:11.598 [main] P1AdminLoginPage - Verifying gotoWebSite Link
[INFO ] 2023-01-03 14:00:15.795 [main] UserHomePage - User Home page is displayed successfully
[INFO ] 2023-01-03 14:00:19.474 [main] P1AdminLoginPage - Verifying open admin user login
[INFO ] 2023-01-03 14:00:23.252 [main] P1AdminLoginPage - Verifying admin user login
[INFO ] 2023-01-03 14:00:24.282 [main] P2AdminHomePage - Home page is displayed successfully
[INFO ] 2023-01-03 14:00:37.623 [main] P1AdminLoginPage - Verifying gotoWebSite Link
[INFO ] 2023-01-03 14:00:41.798 [main] UserHomePage - User Home page is displayed successfully
[INFO ] 2023-01-03 14:00:42.064 [main] UserHomePage - Verified deposit happened  successfully
[INFO ] 2023-01-03 15:37:50.430 [main] P1AdminLoginPage - Verifying open admin user login
[INFO ] 2023-01-03 15:37:56.436 [main] P1AdminLoginPage - Verifying admin user login
[INFO ] 2023-01-03 15:38:03.216 [main] P2AdminHomePage - Home page is displayed successfully
[INFO ] 2023-01-03 15:38:18.642 [main] P1AdminLoginPage - Verifying open admin user login
[INFO ] 2023-01-03 15:38:23.863 [main] P1AdminLoginPage - Verifying admin user login
[INFO ] 2023-01-03 15:38:24.994 [main] P2AdminHomePage - Home page is displayed successfully
[INFO ] 2023-01-03 15:38:35.087 [main] P1AdminLoginPage - Verifying gotoWebSite Link
[INFO ] 2023-01-03 15:38:40.446 [main] UserHomePage - User Home page is displayed successfully
[INFO ] 2023-01-03 15:38:44.487 [main] P1AdminLoginPage - Verifying open admin user login
[INFO ] 2023-01-03 15:38:50.384 [main] P1AdminLoginPage - Verifying admin user login
[INFO ] 2023-01-03 15:38:52.456 [main] P2AdminHomePage - Home page is displayed successfully
[INFO ] 2023-01-03 15:39:05.160 [main] P1AdminLoginPage - Verifying gotoWebSite Link
[INFO ] 2023-01-03 15:39:09.169 [main] UserHomePage - User Home page is displayed successfully
[INFO ] 2023-01-03 15:39:09.204 [main] UserHomePage - Verified deposit happened  successfully
[INFO ] 2023-01-04 14:35:34.491 [main] P1AdminLoginPage - Verifying open admin user login
[INFO ] 2023-01-04 14:35:47.825 [main] P1AdminLoginPage - Verifying admin user login
[INFO ] 2023-01-04 14:36:01.056 [main] P2AdminHomePage - Home page is displayed successfully
[INFO ] 2023-01-04 14:36:17.487 [main] P1AdminLoginPage - Verifying open admin user login
[INFO ] 2023-01-04 14:36:29.425 [main] P1AdminLoginPage - Verifying admin user login
[INFO ] 2023-01-04 14:36:31.932 [main] P2AdminHomePage - Home page is displayed successfully
[INFO ] 2023-01-04 14:36:47.626 [main] P1AdminLoginPage - Verifying gotoWebSite Link
[INFO ] 2023-01-04 14:36:54.650 [main] UserHomePage - User Home page is displayed successfully
[INFO ] 2023-01-04 14:37:09.576 [main] P1AdminLoginPage - Verifying open admin user login
[INFO ] 2023-01-04 14:37:22.084 [main] P1AdminLoginPage - Verifying admin user login
[INFO ] 2023-01-04 14:37:23.746 [main] P2AdminHomePage - Home page is displayed successfully
[INFO ] 2023-01-04 14:50:48.486 [main] P1AdminLoginPage - Verifying open admin user login
[INFO ] 2023-01-04 14:50:53.124 [main] P1AdminLoginPage - Verifying admin user login
[INFO ] 2023-01-04 14:50:53.486 [main] P4NewAccountPage - Manage Account page is displayed successfully
[INFO ] 2023-01-04 14:57:45.058 [main] P1AdminLoginPage - Verifying open admin user login
[INFO ] 2023-01-04 14:57:49.167 [main] P1AdminLoginPage - Verifying admin user login
[INFO ] 2023-01-04 14:57:49.469 [main] P4NewAccountPage - Manage Account page is displayed successfully
[INFO ] 2023-01-04 15:04:04.616 [main] P1AdminLoginPage - Verifying open admin user login
[INFO ] 2023-01-04 15:04:08.185 [main] P1AdminLoginPage - Verifying admin user login
[INFO ] 2023-01-04 15:04:08.485 [main] P4NewAccountPage - Manage Account page is displayed successfully
[INFO ] 2023-01-04 15:09:43.728 [main] P1AdminLoginPage - Verifying open admin user login
[INFO ] 2023-01-04 15:09:48.179 [main] P1AdminLoginPage - Verifying admin user login
[INFO ] 2023-01-04 15:09:48.507 [main] P4NewAccountPage - Manage Account page is displayed successfully
[INFO ] 2023-01-04 15:10:52.256 [main] P1AdminLoginPage - Verifying open admin user login
[INFO ] 2023-01-04 15:10:55.759 [main] P1AdminLoginPage - Verifying admin user login
[INFO ] 2023-01-04 15:10:56.112 [main] P4NewAccountPage - Manage Account page is displayed successfully
[INFO ] 2023-01-04 15:15:33.897 [main] P1AdminLoginPage - Verifying open admin user login
[INFO ] 2023-01-04 15:15:37.829 [main] P1AdminLoginPage - Verifying admin user login
[INFO ] 2023-01-04 15:15:38.169 [main] P4NewAccountPage - Manage Account page is displayed successfully
[INFO ] 2023-01-04 17:08:38.718 [main] P1AdminLoginPage - Verifying open admin user login
[INFO ] 2023-01-04 17:08:41.187 [main] P1AdminLoginPage - Verifying admin user login
[INFO ] 2023-01-04 17:08:42.508 [main] P2AdminHomePage - Home page is displayed successfully
[INFO ] 2023-01-04 17:08:42.509 [main] P2AdminHomePage -  AccountManagement page is displayed successfully
[INFO ] 2023-01-04 17:08:42.961 [main] P4NewAccountPage -  AccountManagement page is displayed successfully
[INFO ] 2023-01-04 17:08:54.096 [main] P1AdminLoginPage - Verifying gotoWebSite Link
[INFO ] 2023-01-04 17:08:58.332 [main] P7UserHomePage - User Home page is displayed successfully
[INFO ] 2023-01-04 17:44:57.366 [main] P1AdminLoginPage - Verifying open admin user login
[INFO ] 2023-01-04 17:45:02.417 [main] P1AdminLoginPage - Verifying admin user login
[INFO ] 2023-01-04 17:45:02.962 [main] P2AdminHomePage -  AccountManagement page is displayed successfully
[INFO ] 2023-01-04 17:45:04.925 [main] P3AccountManagementPage -  AccountManagement page is displayed successfully
[INFO ] 2023-01-04 17:45:05.414 [main] P4NewAccountPage -  AccountManagement page is displayed successfully
[INFO ] 2023-01-04 17:45:05.746 [main] P4NewAccountPage - AccountManagement  page is NOT displayed
[INFO ] 2023-01-04 17:48:43.687 [main] P1AdminLoginPage - Verifying open admin user login
[INFO ] 2023-01-04 17:48:52.239 [main] P1AdminLoginPage - Verifying admin user login
[INFO ] 2023-01-04 17:48:53.730 [main] P2AdminHomePage -  AccountManagement page is displayed successfully
[INFO ] 2023-01-04 17:48:54.040 [main] P3AccountManagementPage -  AccountManagement page is displayed successfully
[INFO ] 2023-01-04 17:48:54.804 [main] P4NewAccountPage -  AccountManagement page is displayed successfully
[INFO ] 2023-01-04 17:48:55.139 [main] P4NewAccountPage - AccountManagement  page is NOT displayed
[INFO ] 2023-01-04 17:52:15.018 [main] P1AdminLoginPage - Verifying open admin user login
[INFO ] 2023-01-04 17:52:19.510 [main] P1AdminLoginPage - Verifying admin user login
[INFO ] 2023-01-04 17:52:19.840 [main] P2AdminHomePage -  AccountManagement page is displayed successfully
[INFO ] 2023-01-04 17:52:20.759 [main] P3AccountManagementPage -  AccountManagement page is displayed successfully
[INFO ] 2023-01-04 17:52:21.177 [main] P4NewAccountPage -  AccountManagement page is displayed successfully
[INFO ] 2023-01-04 17:52:21.487 [main] P4NewAccountPage - AccountManagement  page is NOT displayed
[INFO ] 2023-01-04 17:52:21.493 [main] P4NewAccountPage - Manage Account page is displayed successfully
[INFO ] 2023-01-04 17:52:31.680 [main] P4NewAccountPage - Manage Account page is NOT displayed
[INFO ] 2023-01-04 17:57:18.677 [main] P1AdminLoginPage - Verifying open admin user login
[INFO ] 2023-01-04 17:57:22.749 [main] P1AdminLoginPage - Verifying admin user login
[INFO ] 2023-01-04 17:57:23.048 [main] P2AdminHomePage -  AccountManagement page is displayed successfully
[INFO ] 2023-01-04 17:57:24.344 [main] P3AccountManagementPage -  AccountManagement page is displayed successfully
[INFO ] 2023-01-04 17:57:24.697 [main] P4NewAccountPage -  AccountManagement page is displayed successfully
[INFO ] 2023-01-04 17:57:25.533 [main] P4NewAccountPage - AccountManagement  page is NOT displayed
[INFO ] 2023-01-04 17:57:25.539 [main] P4NewAccountPage - Manage Account page is displayed successfully
[INFO ] 2023-01-04 17:57:35.673 [main] P4NewAccountPage - Manage Account page is NOT displayed
[INFO ] 2023-01-04 17:59:51.743 [main] P1AdminLoginPage - Verifying open admin user login
[INFO ] 2023-01-04 17:59:56.583 [main] P1AdminLoginPage - Verifying admin user login
[INFO ] 2023-01-04 17:59:56.936 [main] P2AdminHomePage -  AccountManagement page is displayed successfully
[INFO ] 2023-01-04 17:59:59.251 [main] P3AccountManagementPage -  AccountManagement page is displayed successfully
[INFO ] 2023-01-04 17:59:59.676 [main] P4NewAccountPage -  AccountManagement page is displayed successfully
[INFO ] 2023-01-04 18:00:01.824 [main] P4NewAccountPage - Manage Account page is displayed successfully
[INFO ] 2023-01-04 18:00:03.352 [main] P4NewAccountPage - Manage Account page is NOT displayed
[INFO ] 2023-01-04 18:31:50.285 [main] P1AdminLoginPage - Verifying open admin user login
[INFO ] 2023-01-04 18:31:53.957 [main] P1AdminLoginPage - Verifying admin user login
[INFO ] 2023-01-04 18:31:55.061 [main] P2AdminHomePage -  AccountManagement page is displayed successfully
[INFO ] 2023-01-04 18:31:56.137 [main] P3AccountManagementPage -  AccountManagement page is displayed successfully
[INFO ] 2023-01-04 18:31:56.521 [main] P4NewAccountPage -  AccountManagement page is displayed successfully
[INFO ] 2023-01-04 18:32:01.255 [main] P4NewAccountPage - Manage Account page is displayed successfully
[INFO ] 2023-01-04 18:32:11.445 [main] P4NewAccountPage - Manage Account page is NOT displayed
[INFO ] 2023-01-04 18:43:40.104 [main] P1AdminLoginPage - Verifying open admin user login
[INFO ] 2023-01-04 18:43:43.684 [main] P1AdminLoginPage - Verifying admin user login
[INFO ] 2023-01-04 18:43:44.005 [main] P2AdminHomePage -  AccountManagement page is displayed successfully
[INFO ] 2023-01-04 18:43:45.297 [main] P3AccountManagementPage -  AccountManagement page is displayed successfully
[INFO ] 2023-01-04 18:43:45.747 [main] P4NewAccountPage -  AccountManagement page is displayed successfully
[INFO ] 2023-01-04 18:43:47.459 [main] P4NewAccountPage - Manage Account page is displayed successfully
[INFO ] 2023-01-04 18:43:48.835 [main] P4NewAccountPage - Manage Account page is NOT displayed
[INFO ] 2023-01-04 18:57:39.722 [main] P1AdminLoginPage - Verifying open admin user login
[INFO ] 2023-01-04 18:57:46.794 [main] P1AdminLoginPage - Verifying admin user login
[INFO ] 2023-01-04 18:57:48.685 [main] P2AdminHomePage - Home page is displayed successfully
[INFO ] 2023-01-04 18:57:48.687 [main] P2AdminHomePage -  AccountManagement page is displayed successfully
[INFO ] 2023-01-04 18:57:48.917 [main] P4NewAccountPage -  AccountManagement page is displayed successfully
[INFO ] 2023-01-04 18:57:58.094 [main] P1AdminLoginPage - Verifying gotoWebSite Link
[INFO ] 2023-01-04 18:58:02.549 [main] P7UserHomePage - User Home page is displayed successfully
[INFO ] 2023-01-04 19:32:45.295 [main] P1AdminLoginPage - Verifying open admin user login
[INFO ] 2023-01-04 19:32:47.363 [main] P1AdminLoginPage - Verifying admin user login
[INFO ] 2023-01-04 19:32:47.934 [main] P2AdminHomePage -  AccountManagement page is displayed successfully
[INFO ] 2023-01-04 19:32:50.508 [main] P3AccountManagementPage -  AccountManagement page is displayed successfully
[INFO ] 2023-01-04 19:32:52.581 [main] P4NewAccountPage - Manage Account page is displayed successfully
[INFO ] 2023-01-04 19:32:53.962 [main] P4NewAccountPage - Manage Account page is NOT displayed
[INFO ] 2023-01-04 19:35:07.490 [main] P1AdminLoginPage - Verifying open admin user login
[INFO ] 2023-01-04 19:35:23.205 [main] P1AdminLoginPage - Verifying admin user login
[INFO ] 2023-01-04 19:35:23.593 [main] P2AdminHomePage -  AccountManagement page is displayed successfully
[INFO ] 2023-01-04 19:35:24.937 [main] P3AccountManagementPage -  AccountManagement page is displayed successfully
[INFO ] 2023-01-04 19:35:26.906 [main] P4NewAccountPage - Manage Account page is displayed successfully
[INFO ] 2023-01-04 19:35:28.511 [main] P4NewAccountPage - Manage Account page is NOT displayed
[INFO ] 2023-01-04 19:38:06.695 [main] P1AdminLoginPage - Verifying open admin user login
[INFO ] 2023-01-04 19:38:16.529 [main] P1AdminLoginPage - Verifying admin user login
[INFO ] 2023-01-04 19:38:17.046 [main] P2AdminHomePage -  AccountManagement page is displayed successfully
[INFO ] 2023-01-04 19:38:21.494 [main] P3AccountManagementPage -  AccountManagement page is displayed successfully
[INFO ] 2023-01-04 19:38:23.342 [main] P4NewAccountPage - Manage Account page is displayed successfully
[INFO ] 2023-01-04 19:38:24.591 [main] P4NewAccountPage - Manage Account page is NOT displayed
[INFO ] 2023-01-05 16:11:14.325 [main] P1AdminLoginPage - Verifying open admin user login
[INFO ] 2023-01-05 16:11:16.452 [main] P1AdminLoginPage - Verifying admin user login
[INFO ] 2023-01-05 16:11:18.507 [main] P2AdminHomePage -  AccountManagement page is displayed successfully
[INFO ] 2023-01-05 16:11:20.407 [main] P3AccountManagementPage -  AccountManagement page is displayed successfully
[INFO ] 2023-01-05 16:11:22.428 [main] P4NewAccountPage - Manage Account page is displayed successfully
[INFO ] 2023-01-05 16:11:25.567 [main] P4NewAccountPage - Manage Account page is NOT displayed
[INFO ] 2023-01-05 16:15:53.155 [main] P1AdminLoginPage - Verifying open admin user login
[INFO ] 2023-01-05 16:15:55.651 [main] P1AdminLoginPage - Verifying admin user login
[INFO ] 2023-01-05 16:15:56.106 [main] P2AdminHomePage -  AccountManagement page is displayed successfully
[INFO ] 2023-01-05 16:15:56.934 [main] P3AccountManagementPage -  AccountManagement page is displayed successfully
[INFO ] 2023-01-05 16:15:58.917 [main] P4NewAccountPage - Manage Account page is displayed successfully
[INFO ] 2023-01-05 16:16:00.678 [main] P4NewAccountPage - Manage Account page is NOT displayed
[INFO ] 2023-01-05 16:20:06.111 [main] P1AdminLoginPage - Verifying open admin user login
[INFO ] 2023-01-05 16:20:08.933 [main] P1AdminLoginPage - Verifying admin user login
[INFO ] 2023-01-05 16:20:09.385 [main] P2AdminHomePage -  AccountManagement page is displayed successfully
[INFO ] 2023-01-05 16:20:10.245 [main] P3AccountManagementPage -  AccountManagement page is displayed successfully
[INFO ] 2023-01-05 16:20:10.693 [main] P4NewAccountPage -  AccountManagement page is displayed successfully
[INFO ] 2023-01-05 16:20:12.631 [main] P4NewAccountPage - Manage Account page is displayed successfully
[INFO ] 2023-01-05 16:20:24.375 [main] P4NewAccountPage - Manage Account page is NOT displayed
[INFO ] 2023-01-05 16:22:12.960 [main] P1AdminLoginPage - Verifying open admin user login
[INFO ] 2023-01-05 16:22:16.316 [main] P1AdminLoginPage - Verifying admin user login
[INFO ] 2023-01-05 16:22:16.785 [main] P2AdminHomePage -  AccountManagement page is displayed successfully
[INFO ] 2023-01-05 16:22:17.983 [main] P3AccountManagementPage -  AccountManagement page is displayed successfully
[INFO ] 2023-01-05 16:22:18.479 [main] P4NewAccountPage -  AccountManagement page is displayed successfully
[INFO ] 2023-01-05 16:22:20.807 [main] P4NewAccountPage - Manage Account page is displayed successfully
[INFO ] 2023-01-05 16:22:22.387 [main] P4NewAccountPage - Manage Account page is NOT displayed
[INFO ] 2023-01-05 16:27:53.552 [main] P1AdminLoginPage - Verifying open admin user login
[INFO ] 2023-01-05 16:27:56.500 [main] P1AdminLoginPage - Verifying admin user login
[INFO ] 2023-01-05 16:27:56.850 [main] P2AdminHomePage -  AccountManagement page is displayed successfully
[INFO ] 2023-01-05 16:27:57.854 [main] P3AccountManagementPage -  AccountManagement page is displayed successfully
[INFO ] 2023-01-05 16:27:58.362 [main] P4NewAccountPage -  AccountManagement page is displayed successfully
[INFO ] 2023-01-05 16:28:00.061 [main] P4NewAccountPage - Manage Account page is displayed successfully
[INFO ] 2023-01-05 16:28:11.124 [main] P4NewAccountPage - Manage Account page is NOT displayed
[INFO ] 2023-01-05 16:29:14.302 [main] P1AdminLoginPage - Verifying open admin user login
[INFO ] 2023-01-05 16:29:17.479 [main] P1AdminLoginPage - Verifying admin user login
[INFO ] 2023-01-05 16:29:17.871 [main] P2AdminHomePage -  AccountManagement page is displayed successfully
[INFO ] 2023-01-05 16:29:18.707 [main] P3AccountManagementPage -  AccountManagement page is displayed successfully
[INFO ] 2023-01-05 16:29:19.184 [main] P4NewAccountPage -  AccountManagement page is displayed successfully
[INFO ] 2023-01-05 16:29:20.802 [main] P4NewAccountPage - Manage Account page is displayed successfully
[INFO ] 2023-01-05 16:29:21.744 [main] P4NewAccountPage - Manage Account page is NOT displayed
[INFO ] 2023-01-05 16:35:45.490 [main] P1AdminLoginPage - Verifying open admin user login
[INFO ] 2023-01-05 16:35:49.967 [main] P1AdminLoginPage - Verifying admin user login
[INFO ] 2023-01-05 16:35:50.306 [main] P2AdminHomePage -  AccountManagement page is displayed successfully
[INFO ] 2023-01-05 16:35:51.060 [main] P3AccountManagementPage -  AccountManagement page is displayed successfully
[INFO ] 2023-01-05 16:35:51.388 [main] P4NewAccountPage -  AccountManagement page is displayed successfully
[INFO ] 2023-01-05 16:35:52.990 [main] P4NewAccountPage - Manage Account page is displayed successfully
[INFO ] 2023-01-05 16:35:54.238 [main] P4NewAccountPage - Manage Account page is NOT displayed
[INFO ] 2023-01-05 16:36:00.607 [main] P1AdminLoginPage - Verifying open admin user login
[INFO ] 2023-01-05 16:38:28.333 [main] P1AdminLoginPage - Verifying open admin user login
[INFO ] 2023-01-05 16:38:30.633 [main] P1AdminLoginPage - Verifying admin user login
[INFO ] 2023-01-05 16:38:31.003 [main] P2AdminHomePage -  AccountManagement page is displayed successfully
[INFO ] 2023-01-05 16:38:31.982 [main] P3AccountManagementPage -  AccountManagement page is displayed successfully
[INFO ] 2023-01-05 16:38:32.423 [main] P4NewAccountPage -  AccountManagement page is displayed successfully
[INFO ] 2023-01-05 16:38:33.933 [main] P4NewAccountPage - Manage Account page is displayed successfully
[INFO ] 2023-01-05 16:38:35.980 [main] P4NewAccountPage - Manage Account page is NOT displayed
[INFO ] 2023-01-05 16:38:41.417 [main] P1AdminLoginPage - Verifying gotoWebSite Link
[INFO ] 2023-01-05 16:38:45.581 [main] P7UserHomePage - User Home page is displayed successfully
[INFO ] 2023-01-05 17:05:06.357 [main] P1AdminLoginPage - Verifying open admin user login
[INFO ] 2023-01-05 17:05:09.906 [main] P1AdminLoginPage - Verifying admin user login
[INFO ] 2023-01-05 17:05:11.709 [main] P2AdminHomePage -  AccountManagement page is displayed successfully
[INFO ] 2023-01-05 17:05:11.974 [main] P3AccountManagementPage -  AccountManagement page is displayed successfully
[INFO ] 2023-01-05 17:05:15.359 [main] P4NewAccountPage - Manage Account page is displayed successfully
[INFO ] 2023-01-05 17:05:35.597 [main] P4NewAccountPage - Manage Account page is NOT displayed
[INFO ] 2023-01-05 17:05:41.280 [main] P1AdminLoginPage - Verifying gotoWebSite Link
[INFO ] 2023-01-05 17:05:45.797 [main] P7UserHomePage - User Home page is displayed successfully
[INFO ] 2023-01-05 17:11:20.924 [main] P1AdminLoginPage - Verifying open admin user login
[INFO ] 2023-01-05 17:11:22.973 [main] P1AdminLoginPage - Verifying admin user login
[INFO ] 2023-01-05 17:11:23.518 [main] P2AdminHomePage -  AccountManagement page is displayed successfully
[INFO ] 2023-01-05 17:11:24.945 [main] P3AccountManagementPage -  AccountManagement page is displayed successfully
[INFO ] 2023-01-05 17:11:26.881 [main] P4NewAccountPage - Manage Account page is displayed successfully
[INFO ] 2023-01-05 17:11:28.371 [main] P4NewAccountPage - Manage Account page is NOT displayed
[INFO ] 2023-01-05 17:11:34.247 [main] P1AdminLoginPage - Verifying gotoWebSite Link
[INFO ] 2023-01-05 17:11:39.819 [main] P7UserHomePage - User Home page is displayed successfully
[INFO ] 2023-01-05 17:11:59.059 [main] P1AdminLoginPage - Verifying open admin user login
[INFO ] 2023-01-05 17:12:06.117 [main] P1AdminLoginPage - Verifying admin user login
[INFO ] 2023-01-05 17:12:06.513 [main] P2AdminHomePage -  AccountManagement page is displayed successfully
[INFO ] 2023-01-05 17:12:08.534 [main] P3AccountManagementPage -  AccountManagement page is displayed successfully
[INFO ] 2023-01-05 17:12:11.017 [main] P4NewAccountPage - Manage Account page is displayed successfully
[INFO ] 2023-01-05 17:12:32.455 [main] P4NewAccountPage - Manage Account page is NOT displayed
[INFO ] 2023-01-05 17:12:38.367 [main] P1AdminLoginPage - Verifying gotoWebSite Link
[INFO ] 2023-01-05 17:12:44.070 [main] P7UserHomePage - User Home page is displayed successfully
[INFO ] 2023-01-05 17:23:03.926 [main] P1AdminLoginPage - Verifying open admin user login
[INFO ] 2023-01-05 17:23:05.768 [main] P1AdminLoginPage - Verifying admin user login
[INFO ] 2023-01-05 17:23:06.391 [main] P4NewAccountPage - Manage Account page is displayed successfully
[INFO ] 2023-01-05 17:31:18.408 [main] P1AdminLoginPage - Verifying open admin user login
[INFO ] 2023-01-05 17:31:25.242 [main] P1AdminLoginPage - Verifying admin user login
[INFO ] 2023-01-05 17:31:25.568 [main] P4NewAccountPage - Manage Account page is displayed successfully
[INFO ] 2023-01-05 17:33:38.499 [main] P1AdminLoginPage - Verifying open admin user login
[INFO ] 2023-01-05 17:33:45.279 [main] P1AdminLoginPage - Verifying admin user login
[INFO ] 2023-01-05 17:33:45.654 [main] P4NewAccountPage - Manage Account page is displayed successfully
[INFO ] 2023-01-05 17:33:51.222 [main] P1AdminLoginPage - Verifying open admin user login
[INFO ] 2023-01-05 17:33:55.177 [main] P1AdminLoginPage - Verifying admin user login
[INFO ] 2023-01-05 17:33:55.525 [main] P4NewAccountPage - Manage Account page is displayed successfully
[INFO ] 2023-01-05 17:34:00.475 [main] P1AdminLoginPage - Verifying open admin user login
[INFO ] 2023-01-05 17:34:07.562 [main] P1AdminLoginPage - Verifying admin user login
[INFO ] 2023-01-05 17:34:07.994 [main] P4NewAccountPage - Manage Account page is displayed successfully
[INFO ] 2023-01-05 17:34:14.256 [main] P1AdminLoginPage - Verifying open admin user login
[INFO ] 2023-01-05 17:34:17.541 [main] P1AdminLoginPage - Verifying admin user login
[INFO ] 2023-01-05 17:34:17.756 [main] P4NewAccountPage - Manage Account page is displayed successfully
[INFO ] 2023-01-05 17:34:17.772 [main] P4NewAccountPage - Manage Account page is NOT displayed
[INFO ] 2023-01-05 17:34:20.409 [main] P1AdminLoginPage - Verifying open admin user login
[INFO ] 2023-01-05 17:34:25.660 [main] P1AdminLoginPage - Verifying admin user login
[INFO ] 2023-01-05 17:34:25.931 [main] P4NewAccountPage - Manage Account page is displayed successfully
[INFO ] 2023-01-05 17:34:31.713 [main] P1AdminLoginPage - Verifying open admin user login
[INFO ] 2023-01-05 17:34:37.270 [main] P1AdminLoginPage - Verifying admin user login
[INFO ] 2023-01-05 17:34:37.649 [main] P4NewAccountPage - Manage Account page is displayed successfully
[INFO ] 2023-01-05 17:34:46.966 [main] P1AdminLoginPage - Verifying open admin user login
[INFO ] 2023-01-05 17:34:52.518 [main] P1AdminLoginPage - Verifying admin user login
[INFO ] 2023-01-05 17:34:52.830 [main] P4NewAccountPage - Manage Account page is displayed successfully
[INFO ] 2023-01-05 17:34:59.146 [main] P1AdminLoginPage - Verifying open admin user login
[INFO ] 2023-01-05 17:35:03.307 [main] P1AdminLoginPage - Verifying admin user login
[INFO ] 2023-01-05 17:35:03.686 [main] P4NewAccountPage - Manage Account page is displayed successfully
[INFO ] 2023-01-05 17:35:10.489 [main] P1AdminLoginPage - Verifying open admin user login
[INFO ] 2023-01-05 17:35:15.518 [main] P1AdminLoginPage - Verifying admin user login
[INFO ] 2023-01-05 17:35:15.860 [main] P4NewAccountPage - Manage Account page is displayed successfully
[INFO ] 2023-01-05 17:35:21.048 [main] P1AdminLoginPage - Verifying open admin user login
[INFO ] 2023-01-05 17:35:26.217 [main] P1AdminLoginPage - Verifying admin user login
[INFO ] 2023-01-05 17:35:26.512 [main] P4NewAccountPage - Manage Account page is displayed successfully
[INFO ] 2023-01-05 17:36:23.242 [main] P1AdminLoginPage - Verifying open admin user login
[INFO ] 2023-01-05 17:36:26.677 [main] P1AdminLoginPage - Verifying admin user login
[INFO ] 2023-01-05 17:36:26.969 [main] P4NewAccountPage - Manage Account page is displayed successfully
[INFO ] 2023-01-05 17:36:37.563 [main] P1AdminLoginPage - Verifying open admin user login
[INFO ] 2023-01-05 17:36:42.910 [main] P1AdminLoginPage - Verifying admin user login
[INFO ] 2023-01-05 17:36:43.224 [main] P4NewAccountPage - Manage Account page is displayed successfully
[INFO ] 2023-01-05 17:36:56.353 [main] P1AdminLoginPage - Verifying open admin user login
[INFO ] 2023-01-05 17:37:01.312 [main] P1AdminLoginPage - Verifying admin user login
[INFO ] 2023-01-05 17:37:01.619 [main] P4NewAccountPage - Manage Account page is displayed successfully
[INFO ] 2023-01-05 17:37:13.432 [main] P1AdminLoginPage - Verifying open admin user login
[INFO ] 2023-01-05 17:37:22.944 [main] P1AdminLoginPage - Verifying admin user login
[INFO ] 2023-01-05 17:37:23.405 [main] P4NewAccountPage - Manage Account page is displayed successfully
[INFO ] 2023-01-05 17:37:36.074 [main] P1AdminLoginPage - Verifying open admin user login
[INFO ] 2023-01-05 17:37:41.473 [main] P1AdminLoginPage - Verifying admin user login
[INFO ] 2023-01-05 17:37:41.768 [main] P4NewAccountPage - Manage Account page is displayed successfully
[INFO ] 2023-01-05 17:40:15.939 [main] P1AdminLoginPage - Verifying open admin user login
[INFO ] 2023-01-05 17:40:19.311 [main] P1AdminLoginPage - Verifying admin user login
[INFO ] 2023-01-05 17:40:19.656 [main] P4NewAccountPage - Manage Account page is displayed successfully
[INFO ] 2023-01-05 17:40:23.847 [main] P4NewAccountPage - Manage Account page is displayed successfully
[INFO ] 2023-01-05 17:40:24.798 [main] P4NewAccountPage - Manage Account page is NOT displayed
[INFO ] 2023-01-05 17:40:31.635 [main] P1AdminLoginPage - Verifying open admin user login
[INFO ] 2023-01-05 17:40:35.646 [main] P1AdminLoginPage - Verifying admin user login
[INFO ] 2023-01-05 17:40:35.959 [main] P4NewAccountPage - Manage Account page is displayed successfully
[INFO ] 2023-01-05 17:41:02.016 [main] P1AdminLoginPage - Verifying open admin user login
[INFO ] 2023-01-05 17:41:07.132 [main] P1AdminLoginPage - Verifying admin user login
[INFO ] 2023-01-05 17:41:07.462 [main] P4NewAccountPage - Manage Account page is displayed successfully
[INFO ] 2023-01-05 17:41:33.883 [main] P1AdminLoginPage - Verifying open admin user login
[INFO ] 2023-01-05 17:41:39.591 [main] P1AdminLoginPage - Verifying admin user login
[INFO ] 2023-01-05 17:41:39.881 [main] P4NewAccountPage - Manage Account page is displayed successfully
[INFO ] 2023-01-05 17:42:05.918 [main] P1AdminLoginPage - Verifying open admin user login
[INFO ] 2023-01-05 17:42:14.872 [main] P1AdminLoginPage - Verifying admin user login
[INFO ] 2023-01-05 17:42:15.236 [main] P4NewAccountPage - Manage Account page is displayed successfully
[INFO ] 2023-01-05 17:44:51.606 [main] P1AdminLoginPage - Verifying open admin user login
[INFO ] 2023-01-05 17:44:56.743 [main] P1AdminLoginPage - Verifying admin user login
[INFO ] 2023-01-05 17:44:57.924 [main] P2AdminHomePage -  AccountManagement page is displayed successfully
[INFO ] 2023-01-05 17:44:58.283 [main] P3AccountManagementPage -  AccountManagement page is displayed successfully
[INFO ] 2023-01-05 17:44:58.706 [main] P4NewAccountPage -  AccountManagement page is displayed successfully
[INFO ] 2023-01-05 17:45:02.413 [main] P4NewAccountPage - Manage Account page is displayed successfully
[INFO ] 2023-01-05 17:45:22.606 [main] P4NewAccountPage - Manage Account page is NOT displayed
[INFO ] 2023-01-05 17:45:28.146 [main] P1AdminLoginPage - Verifying gotoWebSite Link
[INFO ] 2023-01-05 17:45:33.228 [main] P7UserHomePage - User Home page is displayed successfully
[INFO ] 2023-01-05 17:45:38.463 [main] P1AdminLoginPage - Verifying open admin user login
[INFO ] 2023-01-05 17:45:45.809 [main] P1AdminLoginPage - Verifying admin user login
[INFO ] 2023-01-05 17:45:46.169 [main] P2AdminHomePage -  AccountManagement page is displayed successfully
[INFO ] 2023-01-05 17:45:47.610 [main] P3AccountManagementPage -  AccountManagement page is displayed successfully
[INFO ] 2023-01-05 17:45:49.302 [main] P4NewAccountPage - Manage Account page is displayed successfully
[INFO ] 2023-01-05 17:45:50.757 [main] P4NewAccountPage - Manage Account page is NOT displayed
[INFO ] 2023-01-05 17:45:56.133 [main] P1AdminLoginPage - Verifying gotoWebSite Link
[INFO ] 2023-01-05 17:46:00.265 [main] P7UserHomePage - User Home page is displayed successfully
[INFO ] 2023-01-05 17:52:01.943 [main] P1AdminLoginPage - Verifying open admin user login
[INFO ] 2023-01-05 17:52:07.276 [main] P1AdminLoginPage - Verifying admin user login
[INFO ] 2023-01-05 17:52:07.759 [main] P4NewAccountPage - Manage Account page is displayed successfully
[INFO ] 2023-01-05 17:52:11.230 [main] P4NewAccountPage - Manage Account page is displayed successfully
[INFO ] 2023-01-05 17:52:12.269 [main] P4NewAccountPage - Manage Account page is NOT displayed
[INFO ] 2023-01-05 17:52:22.431 [main] P1AdminLoginPage - Verifying open admin user login
[INFO ] 2023-01-05 17:52:26.427 [main] P1AdminLoginPage - Verifying admin user login
[INFO ] 2023-01-05 17:52:26.766 [main] P4NewAccountPage - Manage Account page is displayed successfully
[INFO ] 2023-01-05 17:52:29.550 [main] P4NewAccountPage - Manage Account page is displayed successfully
[INFO ] 2023-01-05 17:52:30.431 [main] P4NewAccountPage - Manage Account page is NOT displayed
[INFO ] 2023-01-05 17:52:37.941 [main] P1AdminLoginPage - Verifying open admin user login
[INFO ] 2023-01-05 17:52:47.135 [main] P1AdminLoginPage - Verifying admin user login
[INFO ] 2023-01-05 17:52:47.509 [main] P4NewAccountPage - Manage Account page is displayed successfully
[INFO ] 2023-01-05 17:53:15.325 [main] P1AdminLoginPage - Verifying open admin user login
[INFO ] 2023-01-05 17:53:19.114 [main] P1AdminLoginPage - Verifying admin user login
[INFO ] 2023-01-05 17:53:19.474 [main] P4NewAccountPage - Manage Account page is displayed successfully
[INFO ] 2023-01-05 17:53:44.322 [main] P1AdminLoginPage - Verifying open admin user login
[INFO ] 2023-01-05 17:53:48.918 [main] P1AdminLoginPage - Verifying admin user login
[INFO ] 2023-01-05 17:53:49.261 [main] P4NewAccountPage - Manage Account page is displayed successfully
[INFO ] 2023-01-05 18:05:59.449 [main] P1AdminLoginPage - Verifying open admin user login
[INFO ] 2023-01-05 18:06:02.281 [main] P1AdminLoginPage - Verifying admin user login
[INFO ] 2023-01-05 18:06:02.615 [main] P2AdminHomePage -  AccountManagement page is displayed successfully
[INFO ] 2023-01-05 18:06:03.307 [main] P3AccountManagementPage -  AccountManagement page is displayed successfully
[INFO ] 2023-01-05 18:06:03.738 [main] P4NewAccountPage -  AccountManagement page is displayed successfully
[INFO ] 2023-01-05 18:06:07.806 [main] P4NewAccountPage - Manage Account page is displayed successfully
[INFO ] 2023-01-05 18:06:28.010 [main] P4NewAccountPage - Manage Account page is NOT displayed
[INFO ] 2023-01-05 18:06:34.892 [main] P1AdminLoginPage - Verifying gotoWebSite Link
[INFO ] 2023-01-05 18:06:58.261 [main] P1AdminLoginPage - Verifying open admin user login
[INFO ] 2023-01-05 18:07:01.831 [main] P1AdminLoginPage - Verifying admin user login
[INFO ] 2023-01-05 18:07:03.214 [main] P2AdminHomePage -  AccountManagement page is displayed successfully
[INFO ] 2023-01-05 18:07:03.393 [main] P3AccountManagementPage -  AccountManagement page is displayed successfully
[INFO ] 2023-01-05 18:07:04.992 [main] P4NewAccountPage - Manage Account page is displayed successfully
[INFO ] 2023-01-05 18:07:06.176 [main] P4NewAccountPage - Manage Account page is NOT displayed
[INFO ] 2023-01-05 18:07:15.069 [main] P1AdminLoginPage - Verifying open admin user login
[INFO ] 2023-01-05 18:07:18.808 [main] P1AdminLoginPage - Verifying admin user login
[INFO ] 2023-01-05 18:07:19.101 [main] P2AdminHomePage -  AccountManagement page is displayed successfully
[INFO ] 2023-01-05 18:07:20.793 [main] P3AccountManagementPage -  AccountManagement page is displayed successfully
[INFO ] 2023-01-05 18:07:22.334 [main] P4NewAccountPage - Manage Account page is displayed successfully
[INFO ] 2023-01-05 18:07:43.356 [main] P4NewAccountPage - Manage Account page is NOT displayed
[INFO ] 2023-01-05 18:07:48.742 [main] P1AdminLoginPage - Verifying gotoWebSite Link
[INFO ] 2023-01-05 18:07:53.413 [main] P7UserHomePage - User Home page is displayed successfully
[INFO ] 2023-01-05 18:13:42.667 [main] P1AdminLoginPage - Verifying open admin user login
[INFO ] 2023-01-05 18:13:48.850 [main] P1AdminLoginPage - Verifying admin user login
[INFO ] 2023-01-05 18:13:49.208 [main] P4NewAccountPage - Manage Account page is displayed successfully
[INFO ] 2023-01-05 18:13:52.145 [main] P4NewAccountPage - Manage Account page is displayed successfully
[INFO ] 2023-01-05 18:13:53.249 [main] P4NewAccountPage - Manage Account page is NOT displayed
[INFO ] 2023-01-05 18:14:00.944 [main] P1AdminLoginPage - Verifying open admin user login
[INFO ] 2023-01-05 18:14:05.254 [main] P1AdminLoginPage - Verifying admin user login
[INFO ] 2023-01-05 18:14:05.549 [main] P4NewAccountPage - Manage Account page is displayed successfully
[INFO ] 2023-01-05 18:14:08.155 [main] P4NewAccountPage - Manage Account page is displayed successfully
[INFO ] 2023-01-05 18:14:09.094 [main] P4NewAccountPage - Manage Account page is NOT displayed
[INFO ] 2023-01-05 18:14:15.967 [main] P1AdminLoginPage - Verifying open admin user login
[INFO ] 2023-01-05 18:14:19.415 [main] P1AdminLoginPage - Verifying admin user login
[INFO ] 2023-01-05 18:14:19.745 [main] P4NewAccountPage - Manage Account page is displayed successfully
[INFO ] 2023-01-05 18:14:22.425 [main] P4NewAccountPage - Manage Account page is displayed successfully
[INFO ] 2023-01-05 18:14:23.306 [main] P4NewAccountPage - Manage Account page is NOT displayed
[INFO ] 2023-01-05 18:14:30.289 [main] P1AdminLoginPage - Verifying open admin user login
[INFO ] 2023-01-05 18:14:33.743 [main] P1AdminLoginPage - Verifying admin user login
[INFO ] 2023-01-05 18:14:34.045 [main] P4NewAccountPage - Manage Account page is displayed successfully
[INFO ] 2023-01-05 18:14:59.627 [main] P1AdminLoginPage - Verifying open admin user login
[INFO ] 2023-01-05 18:15:04.696 [main] P1AdminLoginPage - Verifying admin user login
[INFO ] 2023-01-05 18:15:05.075 [main] P4NewAccountPage - Manage Account page is displayed successfully
[INFO ] 2023-01-05 18:26:28.126 [main] P1AdminLoginPage - Verifying open admin user login
[INFO ] 2023-01-05 18:26:31.559 [main] P1AdminLoginPage - Verifying admin user login
[INFO ] 2023-01-05 18:26:31.855 [main] P4NewAccountPage - Manage Account page is displayed successfully
[INFO ] 2023-01-05 18:26:55.962 [main] P1AdminLoginPage - Verifying open admin user login
[INFO ] 2023-01-05 18:26:59.898 [main] P1AdminLoginPage - Verifying admin user login
[INFO ] 2023-01-05 18:27:00.241 [main] P4NewAccountPage - Manage Account page is displayed successfully
[INFO ] 2023-01-05 18:27:17.977 [main] P1AdminLoginPage - Verifying open admin user login
[INFO ] 2023-01-05 18:27:24.201 [main] P1AdminLoginPage - Verifying admin user login
[INFO ] 2023-01-05 18:27:24.723 [main] P2AdminHomePage -  AccountManagement page is displayed successfully
[INFO ] 2023-01-05 18:27:25.916 [main] P1AdminLoginPage - Verifying open admin user login
[INFO ] 2023-01-05 18:27:28.116 [main] P3AccountManagementPage -  AccountManagement page is displayed successfully
[INFO ] 2023-01-05 18:27:28.711 [main] P4NewAccountPage -  AccountManagement page is displayed successfully
[INFO ] 2023-01-05 18:27:30.329 [main] P4NewAccountPage - Manage Account page is displayed successfully
[INFO ] 2023-01-05 18:27:30.547 [main] P1AdminLoginPage - Verifying admin user login
[INFO ] 2023-01-05 18:27:31.084 [main] P4NewAccountPage - Manage Account page is displayed successfully
[INFO ] 2023-01-05 18:27:32.823 [main] P4NewAccountPage - Manage Account page is NOT displayed
[INFO ] 2023-01-05 18:27:36.520 [main] P4NewAccountPage - Manage Account page is displayed successfully
[INFO ] 2023-01-05 18:27:38.261 [main] P1AdminLoginPage - Verifying gotoWebSite Link
[INFO ] 2023-01-05 18:27:56.722 [main] P4NewAccountPage - Manage Account page is NOT displayed
[INFO ] 2023-01-05 18:28:06.368 [main] P1AdminLoginPage - Verifying open admin user login
[INFO ] 2023-01-05 18:28:07.753 [main] P1AdminLoginPage - Verifying open admin user login
[INFO ] 2023-01-05 18:28:15.687 [main] P1AdminLoginPage - Verifying admin user login
[INFO ] 2023-01-05 18:28:15.759 [main] P1AdminLoginPage - Verifying admin user login
[INFO ] 2023-01-05 18:28:16.238 [main] P2AdminHomePage -  AccountManagement page is displayed successfully
[INFO ] 2023-01-05 18:28:16.284 [main] P4NewAccountPage - Manage Account page is displayed successfully
[INFO ] 2023-01-05 18:28:17.505 [main] P3AccountManagementPage -  AccountManagement page is displayed successfully
[INFO ] 2023-01-05 18:28:19.647 [main] P4NewAccountPage - Manage Account page is displayed successfully
[INFO ] 2023-01-05 18:28:21.166 [main] P4NewAccountPage - Manage Account page is NOT displayed
[INFO ] 2023-01-05 18:28:30.239 [main] P1AdminLoginPage - Verifying open admin user login
[INFO ] 2023-01-05 18:28:40.296 [main] P1AdminLoginPage - Verifying admin user login
[INFO ] 2023-01-05 18:28:40.734 [main] P2AdminHomePage -  AccountManagement page is displayed successfully
[INFO ] 2023-01-05 18:28:43.836 [main] P3AccountManagementPage -  AccountManagement page is displayed successfully
[INFO ] 2023-01-05 18:28:45.828 [main] P4NewAccountPage - Manage Account page is displayed successfully
[INFO ] 2023-01-05 18:28:46.943 [main] P4NewAccountPage - Manage Account page is NOT displayed
[INFO ] 2023-01-05 18:28:50.848 [main] P1AdminLoginPage - Verifying open admin user login
[INFO ] 2023-01-05 18:28:52.872 [main] P1AdminLoginPage - Verifying gotoWebSite Link
[INFO ] 2023-01-05 18:28:59.326 [main] P7UserHomePage - User Home page is displayed successfully
[INFO ] 2023-01-05 18:29:05.934 [main] P1AdminLoginPage - Verifying admin user login
[INFO ] 2023-01-05 18:29:06.448 [main] P4NewAccountPage - Manage Account page is displayed successfully
[INFO ] 2023-01-05 18:29:13.716 [main] P4NewAccountPage - Manage Account page is displayed successfully
[INFO ] 2023-01-05 18:29:33.864 [main] P4NewAccountPage - Manage Account page is NOT displayed
[INFO ] 2023-01-05 18:31:30.793 [main] P1AdminLoginPage - Verifying open admin user login
[INFO ] 2023-01-05 18:31:34.137 [main] P1AdminLoginPage - Verifying admin user login
[INFO ] 2023-01-05 18:31:34.513 [main] P2AdminHomePage -  AccountManagement page is displayed successfully
[INFO ] 2023-01-05 18:31:35.391 [main] P3AccountManagementPage -  AccountManagement page is displayed successfully
[INFO ] 2023-01-05 18:31:35.964 [main] P4NewAccountPage -  AccountManagement page is displayed successfully
[INFO ] 2023-01-05 18:31:37.605 [main] P4NewAccountPage - Manage Account page is displayed successfully
[INFO ] 2023-01-05 18:31:38.594 [main] P4NewAccountPage - Manage Account page is NOT displayed
[INFO ] 2023-01-05 18:31:44.423 [main] P1AdminLoginPage - Verifying gotoWebSite Link
[INFO ] 2023-01-05 18:31:48.656 [main] P7UserHomePage - User Home page is displayed successfully
[INFO ] 2023-01-05 18:31:50.908 [main] P1AdminLoginPage - Verifying open admin user login
[INFO ] 2023-01-05 18:31:54.355 [main] P1AdminLoginPage - Verifying admin user login
[INFO ] 2023-01-05 18:31:54.640 [main] P2AdminHomePage -  AccountManagement page is displayed successfully
[INFO ] 2023-01-05 18:31:56.190 [main] P3AccountManagementPage -  AccountManagement page is displayed successfully
[INFO ] 2023-01-05 18:31:57.905 [main] P4NewAccountPage - Manage Account page is displayed successfully
[INFO ] 2023-01-05 18:31:58.868 [main] P4NewAccountPage - Manage Account page is NOT displayed
[INFO ] 2023-01-05 18:32:07.836 [main] P1AdminLoginPage - Verifying open admin user login
[INFO ] 2023-01-05 18:32:12.000 [main] P1AdminLoginPage - Verifying admin user login
[INFO ] 2023-01-05 18:32:12.307 [main] P2AdminHomePage -  AccountManagement page is displayed successfully
[INFO ] 2023-01-05 18:32:13.062 [main] P3AccountManagementPage -  AccountManagement page is displayed successfully
[INFO ] 2023-01-05 18:32:14.710 [main] P4NewAccountPage - Manage Account page is displayed successfully
[INFO ] 2023-01-05 18:32:15.549 [main] P4NewAccountPage - Manage Account page is NOT displayed
[INFO ] 2023-01-05 18:32:21.288 [main] P1AdminLoginPage - Verifying gotoWebSite Link
[INFO ] 2023-01-05 18:32:25.597 [main] P7UserHomePage - User Home page is displayed successfully
[INFO ] 2023-01-05 18:33:39.038 [main] P1AdminLoginPage - Verifying open admin user login
[INFO ] 2023-01-05 18:33:41.448 [main] P1AdminLoginPage - Verifying admin user login
[INFO ] 2023-01-05 18:33:41.744 [main] P2AdminHomePage -  AccountManagement page is displayed successfully
[INFO ] 2023-01-05 18:33:42.393 [main] P3AccountManagementPage -  AccountManagement page is displayed successfully
[INFO ] 2023-01-05 18:33:42.879 [main] P4NewAccountPage -  AccountManagement page is displayed successfully
[INFO ] 2023-01-05 18:33:44.191 [main] P4NewAccountPage - Manage Account page is displayed successfully
[INFO ] 2023-01-05 18:33:45.180 [main] P4NewAccountPage - Manage Account page is NOT displayed
[INFO ] 2023-01-05 18:33:45.180 [main] P4NewAccountPage - SearchAccount is displayed successfully
[INFO ] 2023-01-05 18:33:50.957 [main] P1AdminLoginPage - Verifying gotoWebSite Link
[INFO ] 2023-01-05 18:33:55.147 [main] P7UserHomePage - User Home page is displayed successfully
[INFO ] 2023-01-05 18:33:57.977 [main] P1AdminLoginPage - Verifying open admin user login
[INFO ] 2023-01-05 18:34:02.047 [main] P1AdminLoginPage - Verifying admin user login
[INFO ] 2023-01-05 18:34:02.338 [main] P2AdminHomePage -  AccountManagement page is displayed successfully
[INFO ] 2023-01-05 18:34:03.087 [main] P3AccountManagementPage -  AccountManagement page is displayed successfully
[INFO ] 2023-01-05 18:34:04.626 [main] P4NewAccountPage - Manage Account page is displayed successfully
[INFO ] 2023-01-05 18:34:05.620 [main] P4NewAccountPage - Manage Account page is NOT displayed
[INFO ] 2023-01-05 18:34:05.620 [main] P4NewAccountPage - SearchAccount is displayed successfully
[INFO ] 2023-01-05 18:34:13.826 [main] P1AdminLoginPage - Verifying open admin user login
[INFO ] 2023-01-05 18:34:17.594 [main] P1AdminLoginPage - Verifying admin user login
[INFO ] 2023-01-05 18:34:17.928 [main] P2AdminHomePage -  AccountManagement page is displayed successfully
[INFO ] 2023-01-05 18:34:18.678 [main] P3AccountManagementPage -  AccountManagement page is displayed successfully
[INFO ] 2023-01-05 18:34:20.156 [main] P4NewAccountPage - Manage Account page is displayed successfully
[INFO ] 2023-01-05 18:34:21.155 [main] P4NewAccountPage - Manage Account page is NOT displayed
[INFO ] 2023-01-05 18:34:26.602 [main] P1AdminLoginPage - Verifying gotoWebSite Link
[INFO ] 2023-01-05 18:34:30.634 [main] P7UserHomePage - User Home page is displayed successfully
[INFO ] 2023-01-05 18:36:27.157 [main] P1AdminLoginPage - Verifying open admin user login
[INFO ] 2023-01-05 18:36:29.637 [main] P1AdminLoginPage - Verifying admin user login
[INFO ] 2023-01-05 18:36:29.922 [main] P2AdminHomePage -  AccountManagement page is displayed successfully
[INFO ] 2023-01-05 18:36:30.713 [main] P3AccountManagementPage -  AccountManagement page is displayed successfully
[INFO ] 2023-01-05 18:36:31.072 [main] P4NewAccountPage -  AccountManagement page is displayed successfully
[INFO ] 2023-01-05 18:36:32.490 [main] P4NewAccountPage - Manage Account page is displayed successfully
[INFO ] 2023-01-05 18:36:33.571 [main] P4NewAccountPage - Manage Account page is NOT displayed
[INFO ] 2023-01-05 18:36:33.571 [main] P4NewAccountPage - SearchAccount is displayed successfully
[INFO ] 2023-01-05 18:36:39.283 [main] P1AdminLoginPage - Verifying gotoWebSite Link
[INFO ] 2023-01-05 18:36:44.109 [main] P7UserHomePage - User Home page is displayed successfully
[INFO ] 2023-01-05 18:36:46.850 [main] P1AdminLoginPage - Verifying open admin user login
[INFO ] 2023-01-05 18:36:49.718 [main] P1AdminLoginPage - Verifying admin user login
[INFO ] 2023-01-05 18:36:50.034 [main] P2AdminHomePage -  AccountManagement page is displayed successfully
[INFO ] 2023-01-05 18:36:51.066 [main] P3AccountManagementPage -  AccountManagement page is displayed successfully
[INFO ] 2023-01-05 18:36:52.583 [main] P4NewAccountPage - Manage Account page is displayed successfully
[INFO ] 2023-01-05 18:36:53.719 [main] P4NewAccountPage - Manage Account page is NOT displayed
[INFO ] 2023-01-05 18:36:53.720 [main] P4NewAccountPage - SearchAccount is displayed successfully
[INFO ] 2023-01-05 18:37:01.774 [main] P1AdminLoginPage - Verifying open admin user login
[INFO ] 2023-01-05 18:37:08.488 [main] P1AdminLoginPage - Verifying admin user login
[INFO ] 2023-01-05 18:37:08.779 [main] P2AdminHomePage -  AccountManagement page is displayed successfully
[INFO ] 2023-01-05 18:37:11.191 [main] P3AccountManagementPage -  AccountManagement page is displayed successfully
[INFO ] 2023-01-05 18:37:12.803 [main] P4NewAccountPage - Manage Account page is displayed successfully
[INFO ] 2023-01-05 18:37:13.684 [main] P4NewAccountPage - Manage Account page is NOT displayed
[INFO ] 2023-01-05 18:37:19.340 [main] P1AdminLoginPage - Verifying gotoWebSite Link
[INFO ] 2023-01-05 18:37:23.914 [main] P7UserHomePage - User Home page is displayed successfully
[INFO ] 2023-01-05 18:42:52.780 [main] P1AdminLoginPage - Verifying open admin user login
[INFO ] 2023-01-05 18:42:55.839 [main] P1AdminLoginPage - Verifying admin user login
[INFO ] 2023-01-05 18:42:56.206 [main] P4NewAccountPage - Manage Account page is displayed successfully
[INFO ] 2023-01-05 18:43:00.386 [main] P4NewAccountPage - SearchAccount is displayed successfully
[INFO ] 2023-01-05 18:43:07.827 [main] P1AdminLoginPage - Verifying open admin user login
[INFO ] 2023-01-05 18:43:12.572 [main] P1AdminLoginPage - Verifying admin user login
[INFO ] 2023-01-05 18:43:12.873 [main] P4NewAccountPage - Manage Account page is displayed successfully
[INFO ] 2023-01-05 18:43:17.342 [main] P4NewAccountPage - SearchAccount is displayed successfully
[INFO ] 2023-01-05 18:43:25.789 [main] P1AdminLoginPage - Verifying open admin user login
[INFO ] 2023-01-05 18:43:31.400 [main] P1AdminLoginPage - Verifying admin user login
[INFO ] 2023-01-05 18:43:31.734 [main] P4NewAccountPage - Manage Account page is displayed successfully
[INFO ] 2023-01-05 18:43:36.005 [main] P4NewAccountPage - SearchAccount is displayed successfully
[INFO ] 2023-01-05 18:43:43.159 [main] P1AdminLoginPage - Verifying open admin user login
[INFO ] 2023-01-05 18:43:46.580 [main] P1AdminLoginPage - Verifying admin user login
[INFO ] 2023-01-05 18:43:46.859 [main] P4NewAccountPage - Manage Account page is displayed successfully
[INFO ] 2023-01-05 18:43:52.047 [main] P4NewAccountPage - SearchAccount is displayed successfully
[INFO ] 2023-01-05 18:43:58.963 [main] P1AdminLoginPage - Verifying open admin user login
[INFO ] 2023-01-05 18:44:04.726 [main] P1AdminLoginPage - Verifying admin user login
[INFO ] 2023-01-05 18:44:05.013 [main] P4NewAccountPage - Manage Account page is displayed successfully
[INFO ] 2023-01-05 18:44:09.419 [main] P4NewAccountPage - SearchAccount is displayed successfully
[INFO ] 2023-01-05 19:05:45.892 [main] P1AdminLoginPage - Verifying open admin user login
[INFO ] 2023-01-05 19:05:51.587 [main] P1AdminLoginPage - Verifying admin user login
[INFO ] 2023-01-05 19:05:51.992 [main] P4NewAccountPage - Manage Account page is displayed successfully
[INFO ] 2023-01-05 19:05:56.938 [main] P4NewAccountPage - SearchAccount is displayed successfully
[INFO ] 2023-01-05 19:06:05.045 [main] P1AdminLoginPage - Verifying open admin user login
[INFO ] 2023-01-05 19:06:13.871 [main] P1AdminLoginPage - Verifying admin user login
[INFO ] 2023-01-05 19:06:14.571 [main] P4NewAccountPage - Manage Account page is displayed successfully
[INFO ] 2023-01-05 19:06:18.955 [main] P4NewAccountPage - SearchAccount is displayed successfully
[INFO ] 2023-01-05 19:06:26.534 [main] P1AdminLoginPage - Verifying open admin user login
[INFO ] 2023-01-05 19:06:33.832 [main] P1AdminLoginPage - Verifying admin user login
[INFO ] 2023-01-05 19:06:34.231 [main] P4NewAccountPage - Manage Account page is displayed successfully
[INFO ] 2023-01-05 19:06:38.928 [main] P4NewAccountPage - SearchAccount is displayed successfully
[INFO ] 2023-01-05 19:06:46.755 [main] P1AdminLoginPage - Verifying open admin user login
[INFO ] 2023-01-05 19:06:58.498 [main] P1AdminLoginPage - Verifying admin user login
[INFO ] 2023-01-05 19:06:58.776 [main] P4NewAccountPage - Manage Account page is displayed successfully
[INFO ] 2023-01-05 19:07:04.643 [main] P4NewAccountPage - SearchAccount is displayed successfully
[INFO ] 2023-01-05 19:07:11.508 [main] P1AdminLoginPage - Verifying open admin user login
[INFO ] 2023-01-05 19:07:14.433 [main] P1AdminLoginPage - Verifying admin user login
[INFO ] 2023-01-05 19:07:14.766 [main] P4NewAccountPage - Manage Account page is displayed successfully
[INFO ] 2023-01-05 19:07:21.476 [main] P4NewAccountPage - SearchAccount is displayed successfully
[INFO ] 2023-01-05 19:08:37.017 [main] P1AdminLoginPage - Verifying open admin user login
[INFO ] 2023-01-05 19:08:39.713 [main] P1AdminLoginPage - Verifying admin user login
[INFO ] 2023-01-05 19:08:40.098 [main] P4NewAccountPage - Manage Account page is displayed successfully
[INFO ] 2023-01-05 19:08:45.196 [main] P4NewAccountPage - SearchAccount is displayed successfully
[INFO ] 2023-01-05 19:08:54.107 [main] P1AdminLoginPage - Verifying open admin user login
[INFO ] 2023-01-05 19:09:00.419 [main] P1AdminLoginPage - Verifying admin user login
[INFO ] 2023-01-05 19:09:00.690 [main] P4NewAccountPage - Manage Account page is displayed successfully
[INFO ] 2023-01-05 19:09:05.005 [main] P4NewAccountPage - SearchAccount is displayed successfully
[INFO ] 2023-01-05 19:09:14.656 [main] P1AdminLoginPage - Verifying open admin user login
[INFO ] 2023-01-05 19:09:22.652 [main] P1AdminLoginPage - Verifying admin user login
[INFO ] 2023-01-05 19:09:22.973 [main] P4NewAccountPage - Manage Account page is displayed successfully
[INFO ] 2023-01-05 19:09:27.398 [main] P4NewAccountPage - SearchAccount is displayed successfully
[INFO ] 2023-01-05 19:09:36.074 [main] P1AdminLoginPage - Verifying open admin user login
[INFO ] 2023-01-05 19:09:41.941 [main] P1AdminLoginPage - Verifying admin user login
[INFO ] 2023-01-05 19:09:42.209 [main] P4NewAccountPage - Manage Account page is displayed successfully
[INFO ] 2023-01-05 19:09:47.943 [main] P4NewAccountPage - SearchAccount is displayed successfully
[INFO ] 2023-01-05 19:09:54.940 [main] P1AdminLoginPage - Verifying open admin user login
[INFO ] 2023-01-05 19:10:01.142 [main] P1AdminLoginPage - Verifying admin user login
[INFO ] 2023-01-05 19:10:01.447 [main] P4NewAccountPage - Manage Account page is displayed successfully
[INFO ] 2023-01-05 19:10:05.693 [main] P4NewAccountPage - SearchAccount is displayed successfully
[INFO ] 2023-01-05 19:11:07.817 [main] P1AdminLoginPage - Verifying open admin user login
[INFO ] 2023-01-05 19:11:10.901 [main] P1AdminLoginPage - Verifying admin user login
[INFO ] 2023-01-05 19:11:11.194 [main] P4NewAccountPage - Manage Account page is displayed successfully
[INFO ] 2023-01-05 19:11:16.766 [main] P4NewAccountPage - SearchAccount is displayed successfully
[INFO ] 2023-01-05 19:11:24.967 [main] P1AdminLoginPage - Verifying open admin user login
[INFO ] 2023-01-05 19:11:28.607 [main] P1AdminLoginPage - Verifying admin user login
[INFO ] 2023-01-05 19:11:28.890 [main] P4NewAccountPage - Manage Account page is displayed successfully
[INFO ] 2023-01-05 19:11:33.698 [main] P4NewAccountPage - SearchAccount is displayed successfully
[INFO ] 2023-01-05 19:11:40.770 [main] P1AdminLoginPage - Verifying open admin user login
[INFO ] 2023-01-05 19:11:45.848 [main] P1AdminLoginPage - Verifying admin user login
[INFO ] 2023-01-05 19:11:46.146 [main] P4NewAccountPage - Manage Account page is displayed successfully
[INFO ] 2023-01-05 19:11:50.396 [main] P4NewAccountPage - SearchAccount is displayed successfully
[INFO ] 2023-01-05 19:11:59.366 [main] P1AdminLoginPage - Verifying open admin user login
[INFO ] 2023-01-05 19:12:06.538 [main] P1AdminLoginPage - Verifying admin user login
[INFO ] 2023-01-05 19:12:06.846 [main] P4NewAccountPage - Manage Account page is displayed successfully
[INFO ] 2023-01-05 19:12:11.552 [main] P4NewAccountPage - SearchAccount is displayed successfully
[INFO ] 2023-01-05 19:12:19.458 [main] P1AdminLoginPage - Verifying open admin user login
[INFO ] 2023-01-05 19:12:26.624 [main] P1AdminLoginPage - Verifying admin user login
[INFO ] 2023-01-05 19:12:26.897 [main] P4NewAccountPage - Manage Account page is displayed successfully
[INFO ] 2023-01-05 19:12:33.452 [main] P4NewAccountPage - SearchAccount is displayed successfully
[INFO ] 2023-01-05 19:12:33.574 [main] P4NewAccountPage - SearchAccount is NOT displayed
[INFO ] 2023-01-05 19:12:50.421 [main] P1AdminLoginPage - Verifying open admin user login
[INFO ] 2023-01-05 19:12:56.967 [main] P1AdminLoginPage - Verifying admin user login
[INFO ] 2023-01-05 19:12:57.274 [main] P4NewAccountPage - Manage Account page is displayed successfully
[INFO ] 2023-01-05 19:13:03.699 [main] P4NewAccountPage - SearchAccount is displayed successfully
[INFO ] 2023-01-05 19:13:11.224 [main] P1AdminLoginPage - Verifying open admin user login
[INFO ] 2023-01-05 19:13:15.017 [main] P1AdminLoginPage - Verifying admin user login
[INFO ] 2023-01-05 19:13:15.291 [main] P4NewAccountPage - Manage Account page is displayed successfully
[INFO ] 2023-01-05 19:13:21.817 [main] P4NewAccountPage - SearchAccount is displayed successfully
[INFO ] 2023-01-05 19:13:31.279 [main] P1AdminLoginPage - Verifying open admin user login
[INFO ] 2023-01-05 19:13:41.850 [main] P1AdminLoginPage - Verifying admin user login
[INFO ] 2023-01-05 19:13:42.285 [main] P4NewAccountPage - Manage Account page is displayed successfully
[INFO ] 2023-01-05 19:13:43.534 [main] P1AdminLoginPage - Verifying open admin user login
[INFO ] 2023-01-05 19:13:48.976 [main] P1AdminLoginPage - Verifying admin user login
[INFO ] 2023-01-05 19:13:49.394 [main] P4NewAccountPage - Manage Account page is displayed successfully
[INFO ] 2023-01-05 19:13:51.636 [main] P4NewAccountPage - SearchAccount is displayed successfully
[INFO ] 2023-01-05 19:13:53.255 [main] P4NewAccountPage - SearchAccount is displayed successfully
[INFO ] 2023-01-05 19:13:56.484 [main] P4NewAccountPage - SearchAccount is displayed successfully
[INFO ] 2023-01-05 19:14:07.667 [main] P1AdminLoginPage - Verifying open admin user login
[INFO ] 2023-01-05 19:14:08.093 [main] P1AdminLoginPage - Verifying open admin user login
[INFO ] 2023-01-05 19:14:14.461 [main] P1AdminLoginPage - Verifying admin user login
[INFO ] 2023-01-05 19:14:14.762 [main] P4NewAccountPage - Manage Account page is displayed successfully
[INFO ] 2023-01-05 19:14:17.050 [main] P1AdminLoginPage - Verifying admin user login
[INFO ] 2023-01-05 19:14:17.402 [main] P4NewAccountPage - Manage Account page is displayed successfully
[INFO ] 2023-01-05 19:14:23.565 [main] P4NewAccountPage - SearchAccount is displayed successfully
[INFO ] 2023-01-05 19:14:24.029 [main] P4NewAccountPage - SearchAccount is displayed successfully
[INFO ] 2023-01-05 19:14:28.761 [main] P4NewAccountPage - SearchAccount is displayed successfully
[INFO ] 2023-01-05 19:14:32.267 [main] P1AdminLoginPage - Verifying open admin user login
[INFO ] 2023-01-05 19:14:36.448 [main] P1AdminLoginPage - Verifying open admin user login
[INFO ] 2023-01-05 19:14:39.813 [main] P1AdminLoginPage - Verifying admin user login
[INFO ] 2023-01-05 19:14:40.210 [main] P4NewAccountPage - Manage Account page is displayed successfully
[INFO ] 2023-01-05 19:14:46.625 [main] P1AdminLoginPage - Verifying admin user login
[INFO ] 2023-01-05 19:14:47.005 [main] P4NewAccountPage - Manage Account page is displayed successfully
[INFO ] 2023-01-05 19:14:49.454 [main] P4NewAccountPage - SearchAccount is displayed successfully
[INFO ] 2023-01-05 19:14:50.668 [main] P4NewAccountPage - SearchAccount is displayed successfully
[INFO ] 2023-01-05 19:14:55.503 [main] P4NewAccountPage - SearchAccount is displayed successfully
[INFO ] 2023-01-05 19:15:04.474 [main] P1AdminLoginPage - Verifying open admin user login
[INFO ] 2023-01-05 19:15:08.113 [main] P1AdminLoginPage - Verifying admin user login
[INFO ] 2023-01-05 19:15:08.453 [main] P4NewAccountPage - Manage Account page is displayed successfully
[INFO ] 2023-01-05 19:15:12.681 [main] P4NewAccountPage - SearchAccount is displayed successfully
[INFO ] 2023-01-05 19:15:18.287 [main] P4NewAccountPage - SearchAccount is displayed successfully
[INFO ] 2023-01-05 19:15:27.414 [main] P1AdminLoginPage - Verifying open admin user login
[INFO ] 2023-01-05 19:15:39.711 [main] P1AdminLoginPage - Verifying admin user login
[INFO ] 2023-01-05 19:18:05.785 [main] P1AdminLoginPage - Verifying open admin user login
[INFO ] 2023-01-05 19:18:11.490 [main] P1AdminLoginPage - Verifying admin user login
[INFO ] 2023-01-05 19:18:11.796 [main] P4NewAccountPage - Manage Account page is displayed successfully
[INFO ] 2023-01-05 19:18:13.884 [main] P4NewAccountPage - SearchAccount is displayed successfully
[INFO ] 2023-01-05 19:18:18.587 [main] P4NewAccountPage - SearchAccount is displayed successfully
[INFO ] 2023-01-05 19:18:26.400 [main] P1AdminLoginPage - Verifying open admin user login
[INFO ] 2023-01-05 19:18:32.233 [main] P1AdminLoginPage - Verifying admin user login
[INFO ] 2023-01-05 19:18:32.509 [main] P4NewAccountPage - Manage Account page is displayed successfully
[INFO ] 2023-01-05 19:18:34.841 [main] P4NewAccountPage - SearchAccount is displayed successfully
[INFO ] 2023-01-05 19:18:39.460 [main] P4NewAccountPage - SearchAccount is displayed successfully
[INFO ] 2023-01-05 19:18:47.326 [main] P1AdminLoginPage - Verifying open admin user login
[INFO ] 2023-01-05 19:18:51.110 [main] P1AdminLoginPage - Verifying admin user login
[INFO ] 2023-01-05 19:18:51.521 [main] P4NewAccountPage - Manage Account page is displayed successfully
[INFO ] 2023-01-05 19:18:53.147 [main] P4NewAccountPage - SearchAccount is displayed successfully
[INFO ] 2023-01-05 19:18:57.844 [main] P4NewAccountPage - SearchAccount is displayed successfully
[INFO ] 2023-01-05 19:19:05.226 [main] P1AdminLoginPage - Verifying open admin user login
[INFO ] 2023-01-05 19:19:15.284 [main] P1AdminLoginPage - Verifying admin user login
[INFO ] 2023-01-05 19:19:15.567 [main] P4NewAccountPage - Manage Account page is displayed successfully
[INFO ] 2023-01-05 19:19:17.261 [main] P4NewAccountPage - SearchAccount is displayed successfully
[INFO ] 2023-01-05 19:19:21.908 [main] P4NewAccountPage - SearchAccount is displayed successfully
[INFO ] 2023-01-05 19:19:30.081 [main] P1AdminLoginPage - Verifying open admin user login
[INFO ] 2023-01-05 19:19:33.635 [main] P1AdminLoginPage - Verifying admin user login
[INFO ] 2023-01-05 19:19:33.913 [main] P4NewAccountPage - Manage Account page is displayed successfully
[INFO ] 2023-01-05 19:19:36.702 [main] P4NewAccountPage - SearchAccount is displayed successfully
[INFO ] 2023-01-05 19:19:41.683 [main] P4NewAccountPage - SearchAccount is displayed successfully
